[0508105538]  ****************************** input & proc  ******************************
[0508105538]  multi_coder_multi_class input: Namespace(class_num=4, coder_num=3, probs=[[[0.1, 0.2, 0.3, 0.4], 0.2, 0.04], [[0.3, 0.1, 0.45, 0.15], 0.3, 0.05], [[0.3, 0.1, 0.45, 0.15], 0.3, 0.01]], repeat=5, samed_num=100, total_anno_data=1000, total_simu_data=4000)
[0508105538]          n_coder:3
[0508105538]                k:4
[0508105538]            probs:[[[0.1, 0.2, 0.3, 0.4], 0.2, 0.04], [[0.3, 0.1, 0.45, 0.15], 0.3, 0.05], [[0.3, 0.1, 0.45, 0.15], 0.3, 0.01]]
[0508105538]        samed_num:100
[0508105538]  total_anno_data:1000
[0508105538]  total_simu_data:4000
[0508105538]     repeat_times:5
[0508105538]  one_coder_prob: [[0.1, 0.2, 0.3, 0.4], 0.2, 0.04]. class_n_nums: [126, 256, 388, 510]
[0508105538]  standardized: [1.0, 2.0, 3.0, 4.0] [1.0, 2.032, 3.079, 4.048]
[0508105538]  max single class standardized-prob diff:0.026
[0508105538]  one_coder_prob: [[0.3, 0.1, 0.45, 0.15], 0.3, 0.05]. class_n_nums: [415, 155, 627, 203]
[0508105538]  standardized: [3.0, 1.0, 4.5, 1.5] [2.677, 1.0, 4.045, 1.31]
[0508105538]  max single class standardized-prob diff:0.127
[0508105538]  one_coder_prob: [[0.3, 0.1, 0.45, 0.15], 0.3, 0.01]. class_n_nums: [398, 135, 590, 197]
[0508105538]  standardized: [3.0, 1.0, 4.5, 1.5] [2.948, 1.0, 4.37, 1.459]
[0508105538]  max single class standardized-prob diff:0.029
[0508105539]  Samed OK. from 30 to 100
[0508105539]  samed data num: set:100 | actual:100
[0508105539]  ******************************    result     ******************************
[0508105540]     mla_kappa_01:+0.065          po:0.407          pe:0.366  tot_simu_data:4000
[0508105540]     mla_kappa_02:+0.071          po:0.407          pe:0.362  tot_simu_data:4000
[0508105541]     mla_kappa_03:+0.067          po:0.407          pe:0.365  tot_simu_data:4000
[0508105541]     mla_kappa_04:+0.069          po:0.407          pe:0.363  tot_simu_data:4000
[0508105542]     mla_kappa_05:+0.070          po:0.407          pe:0.362  tot_simu_data:4000
[0508105542]        mla_kappa:+0.068          po:0.407          pe:0.364  tot_simu_data:4000 repeat:5