[0508105831]  ****************************** input & proc  ******************************
[0508105831]  multi_coder_multi_class input: Namespace(class_num=4, coder_num=3, probs=[[[0.1, 0.2, 0.3, 0.4], 0.2, 0.04], [[0.3, 0.1, 0.45, 0.15], 0.3, 0.05], [[0.3, 0.1, 0.45, 0.15], 0.3, 0.01]], repeat=5, samed_num=300, total_anno_data=1000, total_simu_data=4000)
[0508105831]          n_coder:3
[0508105831]                k:4
[0508105831]            probs:[[[0.1, 0.2, 0.3, 0.4], 0.2, 0.04], [[0.3, 0.1, 0.45, 0.15], 0.3, 0.05], [[0.3, 0.1, 0.45, 0.15], 0.3, 0.01]]
[0508105831]        samed_num:300
[0508105831]  total_anno_data:1000
[0508105831]  total_simu_data:4000
[0508105831]     repeat_times:5
[0508105831]  one_coder_prob: [[0.1, 0.2, 0.3, 0.4], 0.2, 0.04]. class_n_nums: [121, 254, 384, 521]
[0508105831]  standardized: [1.0, 2.0, 3.0, 4.0] [1.0, 2.099, 3.174, 4.306]
[0508105831]  max single class standardized-prob diff:0.077
[0508105831]  one_coder_prob: [[0.3, 0.1, 0.45, 0.15], 0.3, 0.05]. class_n_nums: [424, 144, 619, 213]
[0508105831]  standardized: [3.0, 1.0, 4.5, 1.5] [2.944, 1.0, 4.299, 1.479]
[0508105831]  max single class standardized-prob diff:0.045
[0508105831]  one_coder_prob: [[0.3, 0.1, 0.45, 0.15], 0.3, 0.01]. class_n_nums: [401, 134, 586, 199]
[0508105831]  standardized: [3.0, 1.0, 4.5, 1.5] [2.993, 1.0, 4.373, 1.485]
[0508105831]  max single class standardized-prob diff:0.028
[0508105835]  Samed OK. from 26 to 300
[0508105835]  samed data num: set:300 | actual:300
[0508105835]  ******************************    result     ******************************
[0508105836]     mla_kappa_01:+0.306          po:0.555          pe:0.359  tot_simu_data:4000
[0508105836]     mla_kappa_02:+0.301          po:0.555          pe:0.364  tot_simu_data:4000
[0508105837]     mla_kappa_03:+0.303          po:0.555          pe:0.362  tot_simu_data:4000
[0508105837]     mla_kappa_04:+0.305          po:0.555          pe:0.360  tot_simu_data:4000
[0508105838]     mla_kappa_05:+0.302          po:0.555          pe:0.363  tot_simu_data:4000
[0508105838]        mla_kappa:+0.303          po:0.555          pe:0.362  tot_simu_data:4000 repeat:5